[debug] [2018-01-10T14:57:49.978Z] ----------------------------------------------------------------------
[debug] [2018-01-10T14:57:49.982Z] Command:       /usr/local/Cellar/node/8.9.1/bin/node /usr/local/bin/firebase serve
[debug] [2018-01-10T14:57:49.982Z] CLI Version:   3.16.0
[debug] [2018-01-10T14:57:49.982Z] Platform:      darwin
[debug] [2018-01-10T14:57:49.982Z] Node Version:  v8.9.1
[debug] [2018-01-10T14:57:49.983Z] Time:          Wed Jan 10 2018 15:57:49 GMT+0100 (CET)
[debug] [2018-01-10T14:57:49.983Z] ----------------------------------------------------------------------
[debug] 
[debug] [2018-01-10T14:57:50.008Z] > command requires scopes: ["email","openid","https://www.googleapis.com/auth/cloudplatformprojects.readonly","https://www.googleapis.com/auth/firebase","https://www.googleapis.com/auth/cloud-platform"]
[debug] [2018-01-10T14:57:50.009Z] > authorizing via signed-in user
[debug] [2018-01-10T14:57:50.012Z] > refreshing access token with scopes: ["email","https://www.googleapis.com/auth/cloud-platform","https://www.googleapis.com/auth/cloudplatformprojects.readonly","https://www.googleapis.com/auth/firebase","openid"]
[debug] [2018-01-10T14:57:50.012Z] >>> HTTP REQUEST POST https://www.googleapis.com/oauth2/v3/token  
 { refresh_token: '1/CuVptuqFMWfa6mlYgK78VErHLZ75wIx3EmYbjmwZITkht4JCfj_kTgsXmmJEIXQd',
  client_id: '563584335869-fgrhgmd47bqnekij5i8b5pr03ho849e6.apps.googleusercontent.com',
  client_secret: 'j9iVZfS8kkCEFUPaAeJV0sAi',
  grant_type: 'refresh_token',
  scope: 'email https://www.googleapis.com/auth/cloud-platform https://www.googleapis.com/auth/cloudplatformprojects.readonly https://www.googleapis.com/auth/firebase openid' } 
 Wed Jan 10 2018 15:57:50 GMT+0100 (CET)
[debug] [2018-01-10T14:57:50.454Z] <<< HTTP RESPONSE 200
[debug] [2018-01-10T14:57:50.472Z] >>> HTTP REQUEST GET https://admin.firebase.com/v1/projects/nysl-michael  
  
 Wed Jan 10 2018 15:57:50 GMT+0100 (CET)
[debug] [2018-01-10T14:57:51.654Z] <<< HTTP RESPONSE 200
[debug] [2018-01-10T14:57:51.655Z] >>> HTTP REQUEST GET https://admin.firebase.com/v1/database/nysl-michael/tokens  
  
 Wed Jan 10 2018 15:57:51 GMT+0100 (CET)
[debug] [2018-01-10T14:57:52.384Z] <<< HTTP RESPONSE 200
[info] 
[info] === Serving from '/Users/Micha/Desktop/Ubiqum/Kurs/Mobile_Web_App'...
[info] 
[debug] [2018-01-10T14:57:52.389Z] >>> HTTP REQUEST GET https://cloudresourcemanager.googleapis.com/v1/projects/nysl-michael  
  
 Wed Jan 10 2018 15:57:52 GMT+0100 (CET)
[debug] [2018-01-10T14:57:53.666Z] <<< HTTP RESPONSE 200
[debug] [2018-01-10T14:57:53.670Z] >>> HTTP REQUEST GET https://mobilesdk-pa.googleapis.com/v1/projects/600801752068/clients/_:getWebAppConfig  
  
 Wed Jan 10 2018 15:57:53 GMT+0100 (CET)
[debug] [2018-01-10T14:57:54.587Z] <<< HTTP RESPONSE 200
[info] i  hosting: Serving hosting files from: public
[info] ✔  hosting: Local server: http://localhost:5000

